{
  "stats": {
    "suites": 1,
    "tests": 1,
    "passes": 0,
    "pending": 0,
    "failures": 1,
    "start": "2021-04-29T10:41:37.873Z",
    "end": "2021-04-29T10:42:17.708Z",
    "duration": 39835,
    "testsRegistered": 1,
    "passPercent": 0,
    "pendingPercent": 0,
    "other": 0,
    "hasOther": false,
    "skipped": 0,
    "hasSkipped": false
  },
  "results": [
    {
      "uuid": "427b1fd3-ac6e-480b-b153-f0b931da93ed",
      "title": "",
      "fullFile": "cypress/integration/SignUp.feature",
      "file": "cypress/integration/SignUp.feature",
      "beforeHooks": [],
      "afterHooks": [],
      "tests": [],
      "suites": [
        {
          "uuid": "679e7568-e80e-4be1-bea4-3857538a40b8",
          "title": "Sign Up",
          "fullFile": "",
          "file": "",
          "beforeHooks": [],
          "afterHooks": [],
          "tests": [
            {
              "title": "I want to be able to sign Up",
              "fullTitle": "Sign Up I want to be able to sign Up",
              "timedOut": null,
              "duration": 33771,
              "state": "failed",
              "speed": null,
              "pass": false,
              "fail": true,
              "pending": false,
              "context": null,
              "code": "const state = window.testState;\nreturn cy\n  .then(() => state.onStartScenario(scenario, indexedSteps))\n  .then(() =>\n    resolveAndRunBeforeHooks.call(this, scenario.tags, state.feature.name)\n  )\n  .then(() =>\n    indexedSteps.forEach((step) =>\n      stepTest.call(this, state, step, rowData)\n    )\n  )\n  .then(() =>\n    resolveAndRunAfterHooks.call(this, scenario.tags, state.feature.name)\n  )\n  .then(() => state.onFinishScenario(scenario));",
              "err": {
                "message": "AssertionError: Timed out retrying after 4000ms: expected '<img>' to contain text 'alphaPay', but the text was ''",
                "estack": "AssertionError: Timed out retrying after 4000ms: expected '<img>' to contain text 'alphaPay', but the text was ''\n    at Function.assertDashboard (https://alphapay.netlify.app/__cypress/tests?p=cypress\\integration\\SignUp.feature:72:23)\n    at Context.eval (https://alphapay.netlify.app/__cypress/tests?p=cypress\\integration\\SignUp.feature:139:26)\n    at Context.resolveAndRunStepDefinition (https://alphapay.netlify.app/__cypress/tests?p=cypress\\integration\\SignUp.feature:10567:9)\n    at Context.eval (https://alphapay.netlify.app/__cypress/tests?p=cypress\\integration\\SignUp.feature:9910:35)",
                "diff": "+ 'alphaPay'\n"
              },
              "uuid": "7e5a2015-9ad2-411e-99e5-7c227e78cf48",
              "parentUUID": "679e7568-e80e-4be1-bea4-3857538a40b8",
              "isHook": false,
              "skipped": false
            }
          ],
          "suites": [],
          "passes": [],
          "failures": [
            "7e5a2015-9ad2-411e-99e5-7c227e78cf48"
          ],
          "pending": [],
          "skipped": [],
          "duration": 33771,
          "root": false,
          "rootEmpty": false,
          "_timeout": 2000
        }
      ],
      "passes": [],
      "failures": [],
      "pending": [],
      "skipped": [],
      "duration": 0,
      "root": true,
      "rootEmpty": true,
      "_timeout": 2000
    }
  ],
  "meta": {
    "mocha": {
      "version": "7.0.1"
    },
    "mochawesome": {
      "options": {
        "quiet": false,
        "reportFilename": "mochawesome",
        "saveHtml": false,
        "saveJson": true,
        "consoleReporter": "spec",
        "useInlineDiffs": false,
        "code": true
      },
      "version": "6.2.2"
    },
    "marge": {
      "options": {
        "id": "default",
        "reportDir": "cypress/results/json",
        "overwrite": false,
        "html": false,
        "json": true
      },
      "version": "5.2.0"
    }
  }
}