{
  "stats": {
    "suites": 1,
    "tests": 1,
    "passes": 0,
    "pending": 0,
    "failures": 1,
    "start": "2021-04-29T10:35:59.771Z",
    "end": "2021-04-29T10:36:40.293Z",
    "duration": 40522,
    "testsRegistered": 1,
    "passPercent": 0,
    "pendingPercent": 0,
    "other": 0,
    "hasOther": false,
    "skipped": 0,
    "hasSkipped": false
  },
  "results": [
    {
      "uuid": "04402714-c8a0-456a-b234-1b94dd8ecd69",
      "title": "",
      "fullFile": "cypress/integration/ChangePassword.feature",
      "file": "cypress/integration/ChangePassword.feature",
      "beforeHooks": [],
      "afterHooks": [],
      "tests": [],
      "suites": [
        {
          "uuid": "1046dda9-fab0-4316-a1f8-979aede68d8d",
          "title": "Change Password",
          "fullFile": "",
          "file": "",
          "beforeHooks": [],
          "afterHooks": [],
          "tests": [
            {
              "title": "User must have logged in successfully",
              "fullTitle": "Change Password User must have logged in successfully",
              "timedOut": null,
              "duration": 33902,
              "state": "failed",
              "speed": null,
              "pass": false,
              "fail": true,
              "pending": false,
              "context": null,
              "code": "const state = window.testState;\nreturn cy\n  .then(() => state.onStartScenario(scenario, indexedSteps))\n  .then(() =>\n    resolveAndRunBeforeHooks.call(this, scenario.tags, state.feature.name)\n  )\n  .then(() =>\n    indexedSteps.forEach((step) =>\n      stepTest.call(this, state, step, rowData)\n    )\n  )\n  .then(() =>\n    resolveAndRunAfterHooks.call(this, scenario.tags, state.feature.name)\n  )\n  .then(() => state.onFinishScenario(scenario));",
              "err": {
                "message": "CypressError: Timed out retrying after 4000ms: `cy.type()` failed because this element:\n\n`<input name=\"password\" type=\"password\" placeholder=\"Old Password\" value=\"\">`\n\nis being covered by another element:\n\n`<div class=\"dashboard_nav\">...</div>`\n\nFix this problem, or use {force: true} to disable error checking.\n\nhttps://on.cypress.io/element-cannot-be-interacted-with",
                "estack": "CypressError: Timed out retrying after 4000ms: `cy.type()` failed because this element:\n\n`<input name=\"password\" type=\"password\" placeholder=\"Old Password\" value=\"\">`\n\nis being covered by another element:\n\n`<div class=\"dashboard_nav\">...</div>`\n\nFix this problem, or use {force: true} to disable error checking.\n\nhttps://on.cypress.io/element-cannot-be-interacted-with\n    at $Cy.ensureDescendents (https://alphapay.netlify.app/__cypress/runner/cypress_runner.js:141821:26)\n    at ensureDescendents (https://alphapay.netlify.app/__cypress/runner/cypress_runner.js:130140:8)\n    at ensureDescendentsAndScroll (https://alphapay.netlify.app/__cypress/runner/cypress_runner.js:130147:14)\n    at ensureElIsNotCovered (https://alphapay.netlify.app/__cypress/runner/cypress_runner.js:130281:5)\n    at runAllChecks (https://alphapay.netlify.app/__cypress/runner/cypress_runner.js:130468:52)\n    at retryActionability (https://alphapay.netlify.app/__cypress/runner/cypress_runner.js:130491:16)\n    at tryCatcher (https://alphapay.netlify.app/__cypress/runner/cypress_runner.js:10747:23)\n    at Function.Promise.attempt.Promise.try (https://alphapay.netlify.app/__cypress/runner/cypress_runner.js:8021:29)\n    at tryFn (https://alphapay.netlify.app/__cypress/runner/cypress_runner.js:146270:21)\n    at whenStable (https://alphapay.netlify.app/__cypress/runner/cypress_runner.js:146308:12)\n    at https://alphapay.netlify.app/__cypress/runner/cypress_runner.js:145803:16\n    at tryCatcher (https://alphapay.netlify.app/__cypress/runner/cypress_runner.js:10747:23)\n    at Promise._settlePromiseFromHandler (https://alphapay.netlify.app/__cypress/runner/cypress_runner.js:8682:31)\n    at Promise._settlePromise (https://alphapay.netlify.app/__cypress/runner/cypress_runner.js:8739:18)\n    at Promise._settlePromise0 (https://alphapay.netlify.app/__cypress/runner/cypress_runner.js:8784:10)\n    at Promise._settlePromises (https://alphapay.netlify.app/__cypress/runner/cypress_runner.js:8864:18)\nFrom Your Spec Code:\n    at Function.enterOldPassword (https://alphapay.netlify.app/__cypress/tests?p=cypress\\integration\\ChangePassword.feature:123:27)\n    at Context.eval (https://alphapay.netlify.app/__cypress/tests?p=cypress\\integration\\ChangePassword.feature:68:34)\n    at Context.resolveAndRunStepDefinition (https://alphapay.netlify.app/__cypress/tests?p=cypress\\integration\\ChangePassword.feature:10645:9)\n    at Context.eval (https://alphapay.netlify.app/__cypress/tests?p=cypress\\integration\\ChangePassword.feature:9988:35)",
                "diff": null
              },
              "uuid": "0d924d77-0ec9-4b9c-b009-ec84506d82d6",
              "parentUUID": "1046dda9-fab0-4316-a1f8-979aede68d8d",
              "isHook": false,
              "skipped": false
            }
          ],
          "suites": [],
          "passes": [],
          "failures": [
            "0d924d77-0ec9-4b9c-b009-ec84506d82d6"
          ],
          "pending": [],
          "skipped": [],
          "duration": 33902,
          "root": false,
          "rootEmpty": false,
          "_timeout": 2000
        }
      ],
      "passes": [],
      "failures": [],
      "pending": [],
      "skipped": [],
      "duration": 0,
      "root": true,
      "rootEmpty": true,
      "_timeout": 2000
    }
  ],
  "meta": {
    "mocha": {
      "version": "7.0.1"
    },
    "mochawesome": {
      "options": {
        "quiet": false,
        "reportFilename": "mochawesome",
        "saveHtml": false,
        "saveJson": true,
        "consoleReporter": "spec",
        "useInlineDiffs": false,
        "code": true
      },
      "version": "6.2.2"
    },
    "marge": {
      "options": {
        "id": "default",
        "reportDir": "cypress/results/json",
        "overwrite": false,
        "html": false,
        "json": true
      },
      "version": "5.2.0"
    }
  }
}