{
  "stats": {
    "suites": 1,
    "tests": 1,
    "passes": 0,
    "pending": 0,
    "failures": 1,
    "start": "2021-04-29T10:44:17.203Z",
    "end": "2021-04-29T10:44:39.263Z",
    "duration": 22060,
    "testsRegistered": 1,
    "passPercent": 0,
    "pendingPercent": 0,
    "other": 0,
    "hasOther": false,
    "skipped": 0,
    "hasSkipped": false
  },
  "results": [
    {
      "uuid": "fffa766c-3c31-436c-bc97-fea3f9736c23",
      "title": "",
      "fullFile": "cypress/integration/UpdateProfile.feature",
      "file": "cypress/integration/UpdateProfile.feature",
      "beforeHooks": [],
      "afterHooks": [],
      "tests": [],
      "suites": [
        {
          "uuid": "1db210a6-f235-4768-a540-dfe506a0ee0c",
          "title": "Update Profile",
          "fullFile": "",
          "file": "",
          "beforeHooks": [],
          "afterHooks": [],
          "tests": [
            {
              "title": "User must have logged in successfully",
              "fullTitle": "Update Profile User must have logged in successfully",
              "timedOut": null,
              "duration": 16557,
              "state": "failed",
              "speed": null,
              "pass": false,
              "fail": true,
              "pending": false,
              "context": null,
              "code": "const state = window.testState;\nreturn cy\n  .then(() => state.onStartScenario(scenario, indexedSteps))\n  .then(() =>\n    resolveAndRunBeforeHooks.call(this, scenario.tags, state.feature.name)\n  )\n  .then(() =>\n    indexedSteps.forEach((step) =>\n      stepTest.call(this, state, step, rowData)\n    )\n  )\n  .then(() =>\n    resolveAndRunAfterHooks.call(this, scenario.tags, state.feature.name)\n  )\n  .then(() => state.onFinishScenario(scenario));",
              "err": {
                "message": "AssertionError: Timed out retrying after 4000ms: Expected to find element: `.go1415219401`, but never found it.",
                "estack": "AssertionError: Timed out retrying after 4000ms: Expected to find element: `.go1415219401`, but never found it.\n    at Function.assertDashboard (https://alphapay.netlify.app/__cypress/tests?p=cypress\\integration\\UpdateProfile.feature:206:33)\n    at Context.eval (https://alphapay.netlify.app/__cypress/tests?p=cypress\\integration\\UpdateProfile.feature:121:25)\n    at Context.resolveAndRunStepDefinition (https://alphapay.netlify.app/__cypress/tests?p=cypress\\integration\\UpdateProfile.feature:10632:9)\n    at Context.eval (https://alphapay.netlify.app/__cypress/tests?p=cypress\\integration\\UpdateProfile.feature:9975:35)",
                "diff": null
              },
              "uuid": "21566fc0-2559-49d8-85ac-aee151f1268e",
              "parentUUID": "1db210a6-f235-4768-a540-dfe506a0ee0c",
              "isHook": false,
              "skipped": false
            }
          ],
          "suites": [],
          "passes": [],
          "failures": [
            "21566fc0-2559-49d8-85ac-aee151f1268e"
          ],
          "pending": [],
          "skipped": [],
          "duration": 16557,
          "root": false,
          "rootEmpty": false,
          "_timeout": 2000
        }
      ],
      "passes": [],
      "failures": [],
      "pending": [],
      "skipped": [],
      "duration": 0,
      "root": true,
      "rootEmpty": true,
      "_timeout": 2000
    }
  ],
  "meta": {
    "mocha": {
      "version": "7.0.1"
    },
    "mochawesome": {
      "options": {
        "quiet": false,
        "reportFilename": "mochawesome",
        "saveHtml": false,
        "saveJson": true,
        "consoleReporter": "spec",
        "useInlineDiffs": false,
        "code": true
      },
      "version": "6.2.2"
    },
    "marge": {
      "options": {
        "id": "default",
        "reportDir": "cypress/results/json",
        "overwrite": false,
        "html": false,
        "json": true
      },
      "version": "5.2.0"
    }
  }
}