{
  "stats": {
    "suites": 1,
    "tests": 1,
    "passes": 0,
    "pending": 0,
    "failures": 1,
    "start": "2021-05-03T20:37:16.675Z",
    "end": "2021-05-03T20:38:10.078Z",
    "duration": 53403,
    "testsRegistered": 1,
    "passPercent": 0,
    "pendingPercent": 0,
    "other": 0,
    "hasOther": false,
    "skipped": 0,
    "hasSkipped": false
  },
  "results": [
    {
      "uuid": "628de3b5-9387-40bd-991a-f999b30c49cc",
      "title": "",
      "fullFile": "cypress/integration/SignUp.feature",
      "file": "cypress/integration/SignUp.feature",
      "beforeHooks": [],
      "afterHooks": [],
      "tests": [],
      "suites": [
        {
          "uuid": "b3ddd7ab-e09c-42e0-986f-3726234e47ad",
          "title": "Sign Up",
          "fullFile": "",
          "file": "",
          "beforeHooks": [],
          "afterHooks": [],
          "tests": [
            {
              "title": "I want to be able to sign Up",
              "fullTitle": "Sign Up I want to be able to sign Up",
              "timedOut": null,
              "duration": 43599,
              "state": "failed",
              "speed": null,
              "pass": false,
              "fail": true,
              "pending": false,
              "context": null,
              "code": "const state = window.testState;\nreturn cy\n  .then(() => state.onStartScenario(scenario, indexedSteps))\n  .then(() =>\n    resolveAndRunBeforeHooks.call(this, scenario.tags, state.feature.name)\n  )\n  .then(() =>\n    indexedSteps.forEach((step) =>\n      stepTest.call(this, state, step, rowData)\n    )\n  )\n  .then(() =>\n    resolveAndRunAfterHooks.call(this, scenario.tags, state.feature.name)\n  )\n  .then(() => state.onFinishScenario(scenario));",
              "err": {
                "message": "AssertionError: Timed out retrying after 4000ms: Expected to find element: `.h1`, but never found it.",
                "estack": "AssertionError: Timed out retrying after 4000ms: Expected to find element: `.h1`, but never found it.\n    at Function.assertDashboard (https://alphapay.netlify.app/__cypress/tests?p=cypress\\integration\\SignUp.feature:73:26)\n    at Context.eval (https://alphapay.netlify.app/__cypress/tests?p=cypress\\integration\\SignUp.feature:139:26)\n    at Context.resolveAndRunStepDefinition (https://alphapay.netlify.app/__cypress/tests?p=cypress\\integration\\SignUp.feature:10567:9)\n    at Context.eval (https://alphapay.netlify.app/__cypress/tests?p=cypress\\integration\\SignUp.feature:9910:35)",
                "diff": null
              },
              "uuid": "8d95fa6d-7099-4fdb-82cc-bfb70c7fb1f6",
              "parentUUID": "b3ddd7ab-e09c-42e0-986f-3726234e47ad",
              "isHook": false,
              "skipped": false
            }
          ],
          "suites": [],
          "passes": [],
          "failures": [
            "8d95fa6d-7099-4fdb-82cc-bfb70c7fb1f6"
          ],
          "pending": [],
          "skipped": [],
          "duration": 43599,
          "root": false,
          "rootEmpty": false,
          "_timeout": 2000
        }
      ],
      "passes": [],
      "failures": [],
      "pending": [],
      "skipped": [],
      "duration": 0,
      "root": true,
      "rootEmpty": true,
      "_timeout": 2000
    }
  ],
  "meta": {
    "mocha": {
      "version": "7.0.1"
    },
    "mochawesome": {
      "options": {
        "quiet": false,
        "reportFilename": "mochawesome",
        "saveHtml": false,
        "saveJson": true,
        "consoleReporter": "spec",
        "useInlineDiffs": false,
        "code": true
      },
      "version": "6.2.2"
    },
    "marge": {
      "options": {
        "overwrite": false,
        "html": false,
        "json": true
      },
      "version": "5.2.0"
    }
  }
}